Etzmico_GetSMSInfo/app/build/outputs/logs/manifest-merger-debug-report.txt
-- Merging decision tree log ---
manifest
ADDED from AndroidManifest.xml:2:1
	package
		ADDED from AndroidManifest.xml:3:52
		INJECTED from AndroidManifest.xml:0:0
		INJECTED from AndroidManifest.xml:0:0
	android:versionName
		ADDED from AndroidManifest.xml:3:26
	android:versionCode
		ADDED from AndroidManifest.xml:3:2
		INJECTED from AndroidManifest.xml:0:0
		INJECTED from AndroidManifest.xml:0:0
	xmlns:android
		ADDED from AndroidManifest.xml:2:11
application
ADDED from AndroidManifest.xml:4:2
	android:label
		ADDED from AndroidManifest.xml:4:45
	android:icon
		ADDED from AndroidManifest.xml:4:15
activity#cn.etzmico.ViewActivity
ADDED from AndroidManifest.xml:5:3
	android:label
		ADDED from AndroidManifest.xml:6:4
	android:name
		ADDED from AndroidManifest.xml:5:13
intent-filter#android.intent.action.MAIN+android.intent.category.LAUNCHER
ADDED from AndroidManifest.xml:7:4
action#android.intent.action.MAIN
ADDED from AndroidManifest.xml:8:5
	android:name
		ADDED from AndroidManifest.xml:8:13
category#android.intent.category.LAUNCHER
ADDED from AndroidManifest.xml:9:5
	android:name
		ADDED from AndroidManifest.xml:9:15
receiver#cn.etzmico.SMSBroadcastReceiver
ADDED from AndroidManifest.xml:12:3
	android:name
		ADDED from AndroidManifest.xml:12:13
intent-filter#android.provider.Telephony.SMS_RECEIVED
ADDED from AndroidManifest.xml:13:4
action#android.provider.Telephony.SMS_RECEIVED
ADDED from AndroidManifest.xml:14:5
	android:name
		ADDED from AndroidManifest.xml:14:13
uses-permission#android.permission.RECEIVE_SMS
ADDED from AndroidManifest.xml:18:2
	android:name
		ADDED from AndroidManifest.xml:18:19